<?xml version="1.0" encoding="UTF-8"?>
<!-- Generated by org.testng.reporters.JUnitXMLReporter -->
<testsuite ignored="0" hostname="d" failures="1" tests="1" name="Test" time="169.483" errors="0" timestamp="2022-07-22T08:27:38 IST">
  <testcase classname="com.Velocity.Velocity12MarchDmaven.testclasses.Flipkart_testclass" name="verifyUser" time="10.014">
    <failure type="java.lang.AssertionError" message="Failed: both values are not same expected [Pooja1] but found [Pooja]">
      <![CDATA[java.lang.AssertionError: Failed: both values are not same expected [Pooja1] but found [Pooja]
at com.Velocity.Velocity12MarchDmaven.testclasses.Flipkart_testclass.verifyUser(Flipkart_testclass.java:57)
at java.base/java.util.ArrayList.forEach(ArrayList.java:1511)
... Removed 32 stack frames]]>
    </failure>
  </testcase> <!-- verifyUser -->
</testsuite> <!-- Test -->
