<?xml version="1.0" encoding="UTF-8"?>
<testng-results ignored="0" total="1" passed="0" failed="1" skipped="0">
  <reporter-output>
  </reporter-output>
  <suite started-at="2022-07-22T08:24:48 IST" name="Suite" finished-at="2022-07-22T08:27:38 IST" duration-ms="169483">
    <groups>
    </groups>
    <test started-at="2022-07-22T08:24:48 IST" name="Test" finished-at="2022-07-22T08:27:38 IST" duration-ms="169483">
      <class name="com.Velocity.Velocity12MarchDmaven.testclasses.Flipkart_testclass">
        <test-method is-config="true" signature="openapp()[pri:0, instance:com.Velocity.Velocity12MarchDmaven.testclasses.Flipkart_testclass@4d5650ae]" started-at="2022-07-22T08:24:49 IST" name="openapp" finished-at="2022-07-22T08:26:43 IST" duration-ms="114711" status="PASS">
          <reporter-output>
          </reporter-output>
        </test-method> <!-- openapp -->
        <test-method is-config="true" signature="loginapp()[pri:0, instance:com.Velocity.Velocity12MarchDmaven.testclasses.Flipkart_testclass@4d5650ae]" started-at="2022-07-22T08:26:43 IST" name="loginapp" finished-at="2022-07-22T08:27:10 IST" duration-ms="26428" status="PASS">
          <reporter-output>
          </reporter-output>
        </test-method> <!-- loginapp -->
        <test-method signature="verifyUser()[pri:0, instance:com.Velocity.Velocity12MarchDmaven.testclasses.Flipkart_testclass@4d5650ae]" started-at="2022-07-22T08:27:10 IST" name="verifyUser" finished-at="2022-07-22T08:27:20 IST" duration-ms="10014" status="FAIL">
          <exception class="java.lang.AssertionError">
            <message>
              <![CDATA[Failed: both values are not same expected [Pooja1] but found [Pooja]]]>
            </message>
            <full-stacktrace>
              <![CDATA[java.lang.AssertionError: Failed: both values are not same expected [Pooja1] but found [Pooja]
at org.testng.Assert.fail(Assert.java:110)
at org.testng.Assert.failNotEquals(Assert.java:1413)
at org.testng.Assert.assertEqualsImpl(Assert.java:149)
at org.testng.Assert.assertEquals(Assert.java:131)
at org.testng.Assert.assertEquals(Assert.java:655)
at com.Velocity.Velocity12MarchDmaven.testclasses.Flipkart_testclass.verifyUser(Flipkart_testclass.java:57)
at java.base/jdk.internal.reflect.NativeMethodAccessorImpl.invoke0(Native Method)
at java.base/jdk.internal.reflect.NativeMethodAccessorImpl.invoke(NativeMethodAccessorImpl.java:78)
at java.base/jdk.internal.reflect.DelegatingMethodAccessorImpl.invoke(DelegatingMethodAccessorImpl.java:43)
at java.base/java.lang.reflect.Method.invoke(Method.java:567)
at org.testng.internal.invokers.MethodInvocationHelper.invokeMethod(MethodInvocationHelper.java:139)
at org.testng.internal.invokers.TestInvoker.invokeMethod(TestInvoker.java:677)
at org.testng.internal.invokers.TestInvoker.invokeTestMethod(TestInvoker.java:221)
at org.testng.internal.invokers.MethodRunner.runInSequence(MethodRunner.java:50)
at org.testng.internal.invokers.TestInvoker$MethodInvocationAgent.invoke(TestInvoker.java:962)
at org.testng.internal.invokers.TestInvoker.invokeTestMethods(TestInvoker.java:194)
at org.testng.internal.invokers.TestMethodWorker.invokeTestMethods(TestMethodWorker.java:148)
at org.testng.internal.invokers.TestMethodWorker.run(TestMethodWorker.java:128)
at java.base/java.util.ArrayList.forEach(ArrayList.java:1511)
at org.testng.TestRunner.privateRun(TestRunner.java:806)
at org.testng.TestRunner.run(TestRunner.java:601)
at org.testng.SuiteRunner.runTest(SuiteRunner.java:433)
at org.testng.SuiteRunner.runSequentially(SuiteRunner.java:427)
at org.testng.SuiteRunner.privateRun(SuiteRunner.java:387)
at org.testng.SuiteRunner.run(SuiteRunner.java:330)
at org.testng.SuiteRunnerWorker.runSuite(SuiteRunnerWorker.java:52)
at org.testng.SuiteRunnerWorker.run(SuiteRunnerWorker.java:95)
at org.testng.TestNG.runSuitesSequentially(TestNG.java:1256)
at org.testng.TestNG.runSuitesLocally(TestNG.java:1176)
at org.testng.TestNG.runSuites(TestNG.java:1099)
at org.testng.TestNG.run(TestNG.java:1067)
at org.testng.remote.AbstractRemoteTestNG.run(AbstractRemoteTestNG.java:115)
at org.testng.remote.RemoteTestNG.initAndRun(RemoteTestNG.java:251)
at org.testng.remote.RemoteTestNG.main(RemoteTestNG.java:77)
]]>
            </full-stacktrace>
          </exception> <!-- java.lang.AssertionError -->
          <reporter-output>
          </reporter-output>
        </test-method> <!-- verifyUser -->
        <test-method is-config="true" signature="logoutapp(org.testng.ITestResult)[pri:0, instance:com.Velocity.Velocity12MarchDmaven.testclasses.Flipkart_testclass@4d5650ae]" started-at="2022-07-22T08:27:20 IST" name="logoutapp" finished-at="2022-07-22T08:27:22 IST" duration-ms="2583" status="PASS">
          <params>
            <param index="0">
              <value>
                <![CDATA[[TestResult name=verifyUser status=FAILURE method=Flipkart_testclass.verifyUser()[pri:0, instance:com.Velocity.Velocity12MarchDmaven.testclasses.Flipkart_testclass@4d5650ae] output={null}]]]>
              </value>
            </param>
          </params>
          <reporter-output>
          </reporter-output>
        </test-method> <!-- logoutapp -->
        <test-method is-config="true" signature="closeapp()[pri:0, instance:com.Velocity.Velocity12MarchDmaven.testclasses.Flipkart_testclass@4d5650ae]" started-at="2022-07-22T08:27:22 IST" name="closeapp" finished-at="2022-07-22T08:27:38 IST" duration-ms="15479" status="PASS">
          <reporter-output>
          </reporter-output>
        </test-method> <!-- closeapp -->
      </class> <!-- com.Velocity.Velocity12MarchDmaven.testclasses.Flipkart_testclass -->
    </test> <!-- Test -->
  </suite> <!-- Suite -->
</testng-results>
